# JRE version: OpenJDK Runtime Environment (8.0_152-b01) (build 1.8.0_152-release-1343-b01)
# Java VM: OpenJDK 64-Bit Server VM (25.152-b01 mixed mode windows-amd64 compressed oops)
Heap:
 PSYoungGen      total 132096K, used 4700K [0x00000000e0000000, 0x00000000e8f80000, 0x0000000100000000)
  eden space 119296K, 3% used [0x00000000e0000000,0x00000000e0497060,0x00000000e7480000)
  from space 12800K, 0% used [0x00000000e8300000,0x00000000e8300000,0x00000000e8f80000)
  to   space 13824K, 0% used [0x00000000e7480000,0x00000000e7480000,0x00000000e8200000)
 ParOldGen       total 97280K, used 35661K [0x00000000a0000000, 0x00000000a5f00000, 0x00000000e0000000)
  object space 97280K, 36% used [0x00000000a0000000,0x00000000a22d35d8,0x00000000a5f00000)
 Metaspace       used 57835K, capacity 59468K, committed 59648K, reserved 1101824K
  class space    used 7722K, capacity 8135K, committed 8192K, reserved 1048576K
GC Heap History (10 events):
Event: 11.881 GC heap before
{Heap before GC invocations=15 (full 2):
 PSYoungGen      total 100864K, used 100469K [0x00000000e0000000, 0x00000000e8080000, 0x0000000100000000)
  eden space 89600K, 100% used [0x00000000e0000000,0x00000000e5780000,0x00000000e5780000)
  from space 11264K, 96% used [0x00000000e7580000,0x00000000e801d448,0x00000000e8080000)
  to   space 12288K, 0% used [0x00000000e6880000,0x00000000e6880000,0x00000000e7480000)
 ParOldGen       total 97280K, used 18373K [0x00000000a0000000, 0x00000000a5f00000, 0x00000000e0000000)
  object space 97280K, 18% used [0x00000000a0000000,0x00000000a11f1778,0x00000000a5f00000)
 Metaspace       used 47867K, capacity 49120K, committed 49280K, reserved 1091584K
  class space    used 6457K, capacity 6775K, committed 6784K, reserved 1048576K
Event: 11.898 GC heap after
Heap after GC invocations=15 (full 2):
 PSYoungGen      total 116736K, used 12283K [0x00000000e0000000, 0x00000000e8300000, 0x0000000100000000)
  eden space 104448K, 0% used [0x00000000e0000000,0x00000000e0000000,0x00000000e6600000)
  from space 12288K, 99% used [0x00000000e6880000,0x00000000e747ec18,0x00000000e7480000)
  to   space 14848K, 0% used [0x00000000e7480000,0x00000000e7480000,0x00000000e8300000)
 ParOldGen       total 97280K, used 21180K [0x00000000a0000000, 0x00000000a5f00000, 0x00000000e0000000)
  object space 97280K, 21% used [0x00000000a0000000,0x00000000a14af2f8,0x00000000a5f00000)
 Metaspace       used 47867K, capacity 49120K, committed 49280K, reserved 1091584K
  class space    used 6457K, capacity 6775K, committed 6784K, reserved 1048576K
}
Event: 13.017 GC heap before
{Heap before GC invocations=16 (full 2):
 PSYoungGen      total 116736K, used 116731K [0x00000000e0000000, 0x00000000e8300000, 0x0000000100000000)
  eden space 104448K, 100% used [0x00000000e0000000,0x00000000e6600000,0x00000000e6600000)
  from space 12288K, 99% used [0x00000000e6880000,0x00000000e747ec18,0x00000000e7480000)
  to   space 14848K, 0% used [0x00000000e7480000,0x00000000e7480000,0x00000000e8300000)
 ParOldGen       total 97280K, used 21180K [0x00000000a0000000, 0x00000000a5f00000, 0x00000000e0000000)
  object space 97280K, 21% used [0x00000000a0000000,0x00000000a14af2f8,0x00000000a5f00000)
 Metaspace       used 52253K, capacity 53540K, committed 53760K, reserved 1095680K
  class space    used 6979K, capacity 7321K, committed 7424K, reserved 1048576K
Event: 13.027 GC heap after
Heap after GC invocations=16 (full 2):
 PSYoungGen      total 119296K, used 5695K [0x00000000e0000000, 0x00000000e9380000, 0x0000000100000000)
  eden space 104448K, 0% used [0x00000000e0000000,0x00000000e0000000,0x00000000e6600000)
  from space 14848K, 38% used [0x00000000e7480000,0x00000000e7a0ff20,0x00000000e8300000)
  to   space 14848K, 0% used [0x00000000e6600000,0x00000000e6600000,0x00000000e7480000)
 ParOldGen       total 97280K, used 31420K [0x00000000a0000000, 0x00000000a5f00000, 0x00000000e0000000)
  object space 97280K, 32% used [0x00000000a0000000,0x00000000a1eaf240,0x00000000a5f00000)
 Metaspace       used 52253K, capacity 53540K, committed 53760K, reserved 1095680K
  class space    used 6979K, capacity 7321K, committed 7424K, reserved 1048576K
}
Event: 13.735 GC heap before
{Heap before GC invocations=17 (full 2):
 PSYoungGen      total 119296K, used 110143K [0x00000000e0000000, 0x00000000e9380000, 0x0000000100000000)
  eden space 104448K, 100% used [0x00000000e0000000,0x00000000e6600000,0x00000000e6600000)
  from space 14848K, 38% used [0x00000000e7480000,0x00000000e7a0ff20,0x00000000e8300000)
  to   space 14848K, 0% used [0x00000000e6600000,0x00000000e6600000,0x00000000e7480000)
 ParOldGen       total 97280K, used 31420K [0x00000000a0000000, 0x00000000a5f00000, 0x00000000e0000000)
  object space 97280K, 32% used [0x00000000a0000000,0x00000000a1eaf240,0x00000000a5f00000)
 Metaspace       used 52506K, capacity 53900K, committed 54272K, reserved 1095680K
  class space    used 6992K, capacity 7329K, committed 7424K, reserved 1048576K
Event: 13.740 GC heap after
Heap after GC invocations=17 (full 2):
 PSYoungGen      total 119296K, used 5701K [0x00000000e0000000, 0x00000000e9100000, 0x0000000100000000)
  eden space 104448K, 0% used [0x00000000e0000000,0x00000000e0000000,0x00000000e6600000)
  from space 14848K, 38% used [0x00000000e6600000,0x00000000e6b91750,0x00000000e7480000)
  to   space 14336K, 0% used [0x00000000e8300000,0x00000000e8300000,0x00000000e9100000)
 ParOldGen       total 97280K, used 31428K [0x00000000a0000000, 0x00000000a5f00000, 0x00000000e0000000)
  object space 97280K, 32% used [0x00000000a0000000,0x00000000a1eb1240,0x00000000a5f00000)
 Metaspace       used 52506K, capacity 53900K, committed 54272K, reserved 1095680K
  class space    used 6992K, capacity 7329K, committed 7424K, reserved 1048576K
}
Event: 14.721 GC heap before
{Heap before GC invocations=18 (full 2):
 PSYoungGen      total 119296K, used 67402K [0x00000000e0000000, 0x00000000e9100000, 0x0000000100000000)
  eden space 104448K, 59% used [0x00000000e0000000,0x00000000e3c410d8,0x00000000e6600000)
  from space 14848K, 38% used [0x00000000e6600000,0x00000000e6b91750,0x00000000e7480000)
  to   space 14336K, 0% used [0x00000000e8300000,0x00000000e8300000,0x00000000e9100000)
 ParOldGen       total 97280K, used 31428K [0x00000000a0000000, 0x00000000a5f00000, 0x00000000e0000000)
  object space 97280K, 32% used [0x00000000a0000000,0x00000000a1eb1240,0x00000000a5f00000)
 Metaspace       used 57559K, capacity 59130K, committed 59160K, reserved 1099776K
  class space    used 7666K, capacity 8064K, committed 8064K, reserved 1048576K
Event: 14.729 GC heap after
Heap after GC invocations=18 (full 2):
 PSYoungGen      total 132096K, used 8530K [0x00000000e0000000, 0x00000000e8f80000, 0x0000000100000000)
  eden space 119296K, 0% used [0x00000000e0000000,0x00000000e0000000,0x00000000e7480000)
  from space 12800K, 66% used [0x00000000e8300000,0x00000000e8b54878,0x00000000e8f80000)
  to   space 13824K, 0% used [0x00000000e7480000,0x00000000e7480000,0x00000000e8200000)
 ParOldGen       total 97280K, used 31436K [0x00000000a0000000, 0x00000000a5f00000, 0x00000000e0000000)
  object space 97280K, 32% used [0x00000000a0000000,0x00000000a1eb3240,0x00000000a5f00000)
 Metaspace       used 57559K, capacity 59130K, committed 59160K, reserved 1099776K
  class space    used 7666K, capacity 8064K, committed 8064K, reserved 1048576K
}
Event: 14.729 GC heap before
{Heap before GC invocations=19 (full 3):
 PSYoungGen      total 132096K, used 8530K [0x00000000e0000000, 0x00000000e8f80000, 0x0000000100000000)
  eden space 119296K, 0% used [0x00000000e0000000,0x00000000e0000000,0x00000000e7480000)
  from space 12800K, 66% used [0x00000000e8300000,0x00000000e8b54878,0x00000000e8f80000)
  to   space 13824K, 0% used [0x00000000e7480000,0x00000000e7480000,0x00000000e8200000)
 ParOldGen       total 97280K, used 31436K [0x00000000a0000000, 0x00000000a5f00000, 0x00000000e0000000)
  object space 97280K, 32% used [0x00000000a0000000,0x00000000a1eb3240,0x00000000a5f00000)
 Metaspace       used 57559K, capacity 59130K, committed 59160K, reserved 1099776K
  class space    used 7666K, capacity 8064K, committed 8064K, reserved 1048576K
Event: 14.987 GC heap after
Heap after GC invocations=19 (full 3):
 PSYoungGen      total 132096K, used 0K [0x00000000e0000000, 0x00000000e8f80000, 0x0000000100000000)
  eden space 119296K, 0% used [0x00000000e0000000,0x00000000e0000000,0x00000000e7480000)
  from space 12800K, 0% used [0x00000000e8300000,0x00000000e8300000,0x00000000e8f80000)
  to   space 13824K, 0% used [0x00000000e7480000,0x00000000e7480000,0x00000000e8200000)
 ParOldGen       total 97280K, used 35661K [0x00000000a0000000, 0x00000000a5f00000, 0x00000000e0000000)
  object space 97280K, 36% used [0x00000000a0000000,0x00000000a22d35d8,0x00000000a5f00000)
 Metaspace       used 57559K, capacity 59130K, committed 59160K, reserved 1099776K
  class space    used 7666K, capacity 8064K, committed 8064K, reserved 1048576K
}

